Arguments: 
  /usr/local/Cellar/node/8.4.0/bin/node /usr/local/bin/yarn add webpack --dev

PATH: 
  /usr/local/bin:/usr/bin:/bin:/usr/sbin:/sbin:/Users/tiffwillson/.rvm/bin

Yarn version: 
  1.0.1

Node version: 
  8.4.0

Platform: 
  darwin x64

npm manifest: 
  {
    "name": "schemebeam",
    "version": "1.0.0",
    "description": "Open source viral marketing tool",
    "main": "index.js",
    "scripts": {
      "test": "echo \"Error: no test specified\" && exit 1"
      "start": "./node_modules/.bin/concurrently \"./node_modules/.bin/nodemon\" \"npm run client\"",
    },
    "author": "Jeremy Barbe",
    "license": "ISC",
    "dependencies": {
      "axios": "^0.15.2",
      "body-parser": "^1.15.2",
      "cookie-parser": "^1.4.3",
      "d3": "^3.5.17",
      "dotenv": "^2.0.0",
      "express": "^4.14.0",
      "express-session": "^1.14.2",
      "fs": "0.0.1-security",
      "history": "^4.4.0",
      "md5": "^2.2.1",
      "mysql": "^2.12.0",
      "passport": "^0.3.2",
      "passport-local": "^1.0.0",
      "rd3": "^0.7.4",
      "react": "^15.3.2",
      "react-dom": "^15.3.2",
      "react-router": "^3.0.0",
      "sendgrid": "^4.7.1"
      "proxy": "http://localhost:3001/",
    },
    "devDependencies": {
      "babel-core": "^6.4.5",
      "babel-loader": "^6.2.1",
      "babel-preset-es2015": "^6.3.13",
      "babel-preset-react": "^6.3.13",
      "install": "^0.8.1",
      "npm": "^3.10.7",
      "webpack": "^1.12.12",
      "webpack-node-externals": "^1.4.3"
    }
  }

yarn manifest: 
  No manifest

Lockfile: 
  No lockfile

Trace: 
  SyntaxError: /Users/tiffwillson/Desktop/code/schemeBeam/package.json: Unexpected string in JSON at position 200
      at JSON.parse (<anonymous>)
      at /usr/local/lib/node_modules/yarn/lib/cli.js:797:57
      at Generator.next (<anonymous>)
      at step (/usr/local/lib/node_modules/yarn/lib/cli.js:92:30)
      at /usr/local/lib/node_modules/yarn/lib/cli.js:103:13
      at <anonymous>
